icl: : warning #10121: overriding '/archCORE-AVX2' with '/Qxcoffeelake'
  Source.cpp
C:\Users\jackm\Documents\fractalthingvideothing\fractal\fractal\olcPixelGameEngine.h(426): warning #597: "olc::v2d_generic<T>::operator olc::v2d_generic<int32_t={int}>() const [with T=int32_t={int}]" will not be called for implicit or explicit conversions
    		operator v2d_generic<int32_t>() const { return { static_cast<int32_t>(this->x), static_cast<int32_t>(this->y) }; }
    		^
            detected during instantiation of class "olc::v2d_generic<T> [with T=int32_t={int}]" at line 426
  
C:\Users\jackm\Documents\fractalthingvideothing\fractal\fractal\olcPixelGameEngine.h(427): warning #597: "olc::v2d_generic<T>::operator olc::v2d_generic<float>() const [with T=float]" will not be called for implicit or explicit conversions
    		operator v2d_generic<float>() const { return { static_cast<float>(this->x), static_cast<float>(this->y) }; }
    		^
            detected during instantiation of class "olc::v2d_generic<T> [with T=float]" at line 427
  
C:\Users\jackm\Documents\fractalthingvideothing\fractal\fractal\olcPixelGameEngine.h(428): warning #597: "olc::v2d_generic<T>::operator olc::v2d_generic<double>() const [with T=double]" will not be called for implicit or explicit conversions
    		operator v2d_generic<double>() const { return { static_cast<double>(this->x), static_cast<double>(this->y) }; }
    		^
            detected during instantiation of class "olc::v2d_generic<T> [with T=double]" at line 428
  
C:\Users\jackm\Documents\fractalthingvideothing\fractal\fractal\olcPixelGameEngine.h(3173): warning #54: too few arguments in invocation of macro "min"
    #pragma loop count min(128)
                              ^
  
libchkpwrapmd_h.lib(chkpcppwrapmd_h.obj) : : warning LNK4099: PDB 'libchkpwrap.pdb' was not found with 'libchkpwrapmd_h.lib(chkpcppwrapmd_h.obj)' or at 'C:\Users\jackm\Documents\fractalthingvideothing\intel-optimized\Release\libchkpwrap.pdb'; linking object as if no debug info
libchkpwrapmd_h.lib(chkpwrapmd_h.obj) : : warning LNK4099: PDB 'libchkpwrap.pdb' was not found with 'libchkpwrapmd_h.lib(chkpwrapmd_h.obj)' or at 'C:\Users\jackm\Documents\fractalthingvideothing\intel-optimized\Release\libchkpwrap.pdb'; linking object as if no debug info
libchkpwrapmd_h.lib(chkp_initmd_h.obj) : : warning LNK4099: PDB 'libchkpwrap.pdb' was not found with 'libchkpwrapmd_h.lib(chkp_initmd_h.obj)' or at 'C:\Users\jackm\Documents\fractalthingvideothing\intel-optimized\Release\libchkpwrap.pdb'; linking object as if no debug info
  fractal.vcxproj -> C:\Users\jackm\Documents\fractalthingvideothing\intel-optimized\Release\fractal-intel-optimized.exe
