c:\users\jackm\documents\fractalthingvideothing\intel-optimized\release\source.obj
c:\users\jackm\appdata\local\temp\lnk{57d98f25-8e0f-4895-9034-202e1776e4d5}.tmp
c:\users\jackm\documents\fractalthingvideothing\intel-optimized\release\fractal-intel-optimized.exe
c:\users\jackm\documents\fractalthingvideothing\intel-optimized\release\fractal-intel-optimized.pdb
c:\users\jackm\documents\fractalthingvideothing\intel-optimized\release\fractal-.566ae05a.tlog\icl-mcpcom.read.1.tlog
c:\users\jackm\documents\fractalthingvideothing\intel-optimized\release\fractal-.566ae05a.tlog\icl-mcpcom.write.1.tlog
c:\users\jackm\documents\fractalthingvideothing\intel-optimized\release\fractal-.566ae05a.tlog\icl.command.1.tlog
c:\users\jackm\documents\fractalthingvideothing\intel-optimized\release\fractal-.566ae05a.tlog\icl.read.1.tlog
c:\users\jackm\documents\fractalthingvideothing\intel-optimized\release\fractal-.566ae05a.tlog\icl.write.1.tlog
c:\users\jackm\documents\fractalthingvideothing\intel-optimized\release\fractal-.566ae05a.tlog\xilink-link-cvtres.read.1.tlog
c:\users\jackm\documents\fractalthingvideothing\intel-optimized\release\fractal-.566ae05a.tlog\xilink-link-cvtres.write.1.tlog
c:\users\jackm\documents\fractalthingvideothing\intel-optimized\release\fractal-.566ae05a.tlog\xilink-link-rc.read.1.tlog
c:\users\jackm\documents\fractalthingvideothing\intel-optimized\release\fractal-.566ae05a.tlog\xilink-link-rc.write.1.tlog
c:\users\jackm\documents\fractalthingvideothing\intel-optimized\release\fractal-.566ae05a.tlog\xilink-link.read.1.tlog
c:\users\jackm\documents\fractalthingvideothing\intel-optimized\release\fractal-.566ae05a.tlog\xilink-link.read.2.tlog
c:\users\jackm\documents\fractalthingvideothing\intel-optimized\release\fractal-.566ae05a.tlog\xilink-link.write.1.tlog
c:\users\jackm\documents\fractalthingvideothing\intel-optimized\release\fractal-.566ae05a.tlog\xilink-mcpcom.read.1.tlog
c:\users\jackm\documents\fractalthingvideothing\intel-optimized\release\fractal-.566ae05a.tlog\xilink-mcpcom.write.1.tlog
c:\users\jackm\documents\fractalthingvideothing\intel-optimized\release\fractal-.566ae05a.tlog\xilink.command.1.tlog
c:\users\jackm\documents\fractalthingvideothing\intel-optimized\release\fractal-.566ae05a.tlog\xilink.read.1.tlog
c:\users\jackm\documents\fractalthingvideothing\intel-optimized\release\fractal-.566ae05a.tlog\xilink.write.1.tlog
