n:\frac\fractal\fractal\x64\release\pgopti.dpi.lock
n:\frac\fractal\fractal\x64\release\pgopti.dpi
n:\frac\fractal\fractal\x64\release\source.obj
c:\users\jackm\appdata\local\temp\lnk{b10ff11c-3f5a-4d8a-b2dd-c09ec441ad49}.tmp
c:\users\jackm\appdata\local\temp\lnk{dd172b19-aa7b-41bd-9356-aafe7a684418}.tmp
c:\users\jackm\appdata\local\temp\lnk{87b3b90d-c4b4-4975-83b3-7391b73f0125}.tmp
n:\frac\fractal\x64\release\fractal-intel-optimized.exe
n:\frac\fractal\x64\release\fractal-intel-optimized.pdb
n:\frac\fractal\fractal\x64\release\vc141.pdb
n:\frac\fractal\fractal\x64\release\fractal-.566ae05a.tlog\icl-mcpcom.read.1.tlog
n:\frac\fractal\fractal\x64\release\fractal-.566ae05a.tlog\icl-mcpcom.write.1.tlog
n:\frac\fractal\fractal\x64\release\fractal-.566ae05a.tlog\icl-profmerge.read.1.tlog
n:\frac\fractal\fractal\x64\release\fractal-.566ae05a.tlog\icl-profmerge.write.1.tlog
n:\frac\fractal\fractal\x64\release\fractal-.566ae05a.tlog\icl.command.1.tlog
n:\frac\fractal\fractal\x64\release\fractal-.566ae05a.tlog\icl.read.1.tlog
n:\frac\fractal\fractal\x64\release\fractal-.566ae05a.tlog\icl.write.1.tlog
n:\frac\fractal\fractal\x64\release\fractal-.566ae05a.tlog\xilink-link-cvtres.read.1.tlog
n:\frac\fractal\fractal\x64\release\fractal-.566ae05a.tlog\xilink-link-cvtres.write.1.tlog
n:\frac\fractal\fractal\x64\release\fractal-.566ae05a.tlog\xilink-link-rc.read.1.tlog
n:\frac\fractal\fractal\x64\release\fractal-.566ae05a.tlog\xilink-link-rc.write.1.tlog
n:\frac\fractal\fractal\x64\release\fractal-.566ae05a.tlog\xilink-link.read.1.tlog
n:\frac\fractal\fractal\x64\release\fractal-.566ae05a.tlog\xilink-link.read.3.tlog
n:\frac\fractal\fractal\x64\release\fractal-.566ae05a.tlog\xilink-link.write.1.tlog
n:\frac\fractal\fractal\x64\release\fractal-.566ae05a.tlog\xilink-mcpcom.read.1.tlog
n:\frac\fractal\fractal\x64\release\fractal-.566ae05a.tlog\xilink-mcpcom.write.1.tlog
n:\frac\fractal\fractal\x64\release\fractal-.566ae05a.tlog\xilink.command.1.tlog
n:\frac\fractal\fractal\x64\release\fractal-.566ae05a.tlog\xilink.read.1.tlog
n:\frac\fractal\fractal\x64\release\fractal-.566ae05a.tlog\xilink.write.1.tlog
